c:\users\badcw\source\repos\mfcapplication1\spot infomation manager\release\spot infomation manager.pch
c:\users\badcw\source\repos\mfcapplication1\spot infomation manager\release\vc141.pdb
c:\users\badcw\source\repos\mfcapplication1\spot infomation manager\release\stdafx.obj
c:\users\badcw\source\repos\mfcapplication1\spot infomation manager\release\unorderedgraph.obj
c:\users\badcw\source\repos\mfcapplication1\spot infomation manager\release\spot infomation managerdlg.obj
c:\users\badcw\source\repos\mfcapplication1\spot infomation manager\release\spot infomation manager.obj
c:\users\badcw\source\repos\mfcapplication1\spot infomation manager\release\querydlg.obj
c:\users\badcw\source\repos\mfcapplication1\spot infomation manager\release\nodelist.obj
c:\users\badcw\source\repos\mfcapplication1\spot infomation manager\release\messagenode.obj
c:\users\badcw\source\repos\mfcapplication1\spot infomation manager\release\infoeditor.obj
c:\users\badcw\source\repos\mfcapplication1\spot infomation manager\release\graphinfoforapp.obj
c:\users\badcw\source\repos\mfcapplication1\spot infomation manager\release\spotinfomationmanager.res
c:\users\badcw\source\repos\mfcapplication1\spot infomation manager\release\spot inf.8e1d23b2.tlog\cl.command.1.tlog
c:\users\badcw\source\repos\mfcapplication1\spot infomation manager\release\spot inf.8e1d23b2.tlog\cl.read.1.tlog
c:\users\badcw\source\repos\mfcapplication1\spot infomation manager\release\spot inf.8e1d23b2.tlog\cl.write.1.tlog
c:\users\badcw\source\repos\mfcapplication1\spot infomation manager\release\spot inf.8e1d23b2.tlog\link.command.1.tlog
c:\users\badcw\source\repos\mfcapplication1\spot infomation manager\release\spot inf.8e1d23b2.tlog\link.read.1.tlog
c:\users\badcw\source\repos\mfcapplication1\spot infomation manager\release\spot inf.8e1d23b2.tlog\link.write.1.tlog
c:\users\badcw\source\repos\mfcapplication1\spot infomation manager\release\spot inf.8e1d23b2.tlog\rc.command.1.tlog
c:\users\badcw\source\repos\mfcapplication1\spot infomation manager\release\spot inf.8e1d23b2.tlog\rc.read.1.tlog
c:\users\badcw\source\repos\mfcapplication1\spot infomation manager\release\spot inf.8e1d23b2.tlog\rc.write.1.tlog
